<?xml version="1.0" encoding="UTF-8"?>
<!-- Generated by org.testng.reporters.JUnitReportReporter -->
<testsuite hostname="QT-INBG-LT0287" failures="0" tests="3" name="testcases.AllMobilesApplication" time="40.144" errors="0" timestamp="2022-07-15T12:54:34 IST" skipped="0">
  <testcase classname="testcases.AllMobilesApplication" name="AllMobiles" time="7.903"/>
  <system-out/>
  <testcase classname="testcases.AllMobilesApplication" name="AllMobiles" time="22.068"/>
  <system-out/>
  <testcase classname="testcases.AllMobilesApplication" name="AllMobiles" time="10.173"/>
  <system-out/>
</testsuite> <!-- testcases.AllMobilesApplication -->
