<?xml version="1.0" encoding="UTF-8"?>
<!-- Generated by org.testng.reporters.JUnitReportReporter -->
<testsuite hostname="QT-INBG-LT0287" failures="0" tests="2" name="testcases.LoginApplication" time="24.249" errors="0" timestamp="2022-07-15T12:43:27 IST" skipped="0">
  <testcase classname="testcases.LoginApplication" name="loginPage" time="13.264"/>
  <system-out/>
  <testcase classname="testcases.LoginApplication" name="loginPage" time="10.985"/>
  <system-out/>
</testsuite> <!-- testcases.LoginApplication -->
